"QUERY PLAN"
"Seq Scan on items  (cost=0.00..1.09 rows=1 width=778) (actual time=0.026..0.028 rows=2 loops=1)"
"  Filter: ((customer_name)::text = 'Florinda'::text)"
"  Rows Removed by Filter: 5"
"Planning Time: 0.852 ms"
"Execution Time: 0.345 ms"
