"QUERY PLAN"
"Seq Scan on items  (cost=0.00..1.09 rows=1 width=778) (actual time=0.021..0.024 rows=2 loops=1)"
"  Filter: ((product)::text = 'Florero'::text)"
"  Rows Removed by Filter: 5"
"Planning Time: 0.112 ms"
"Execution Time: 0.039 ms"
